C51 COMPILER V9.01   KEY                                                                   04/15/2014 19:40:08 PAGE 1   


C51 COMPILER V9.01, COMPILATION OF MODULE KEY
OBJECT MODULE PLACED IN key.obj
COMPILER INVOKED BY: E:\Program Files\Keil4\C51\BIN\C51.EXE src\key.c BROWSE INCDIR(.\src;.\src\os) DEBUG OBJECTEXTEND P
                    -RINT(.\key.lst) OBJECT(key.obj)

line level    source

   1          /***********************************************************************************************
   2          文件名  key.c
   3          日期    2013.3.1
   4          作者    张诗星  陈东辉
   5          文件说明        按键状态机文件
   6          修订说明:
   7          
   8          2013.3.1  张诗星 初始版本
   9          ***********************************************************************************************/
  10          /*头文件--------------------------------------------------------------------------------------*/
  11          #include "key.h"
  12          
  13          
  14          /*全局变量------------------------------------------------------------------------------------*/
  15          
  16          //按键输入
  17          CKey keyInput;
  18          
  19          /*接口函数------------------------------------------------------------------------------------*/
  20          
  21          //按下按键
  22          void CKey_PushKey(void)
  23          {
  24   1              //按键状态机
  25   1              switch(CKey_GetState())
  26   1              {
  27   2                      /*按键释放状态进入按键按下状态*/
  28   2                      case KEY_STATE_PULLED:
  29   2                      case KEY_STATE_PULL:
  30   2                              CKey_SetState(KEY_STATE_PUSH);          /*进入按键按下状态*/
  31   2                              break;
  32   2                      /*按键按下状态*/
  33   2                      case KEY_STATE_PUSH:
  34   2                              CKey_SetState(KEY_STATE_PUSHCHECK);     /*进入按键按下确认状态*/
  35   2                              break;
  36   2                      /*按键按下确认状态*/
  37   2                      case KEY_STATE_PUSHCHECK:       
  38   2                              keyInput.m_keyState = KEY_STATE_PUSHED;         /*进入按键已按下状态*/
  39   2                              keyInput.m_keyCount = KEY_TIME_M_PUSH;          /*设置连按延时*/
  40   2                              break;
  41   2                      /*按键已按下状态，延时进入连按状态*/
  42   2                      case KEY_STATE_PUSHED:
  43   2                              if (!keyInput.m_keyCount)
  44   2                                      keyInput.m_keyState = KEY_STATE_M_PUSHED;       /*连按延时到，进入已连按状态*/
  45   2                              break;
  46   2                      /*按键已进入连按状态*/
  47   2                      case KEY_STATE_M_PUSHED:                        /*连按状态*/
  48   2                              break;
  49   2                      default:
  50   2                              keyInput.m_keyState = KEY_STATE_PULL;
  51   2                              break;
  52   2              }
  53   1      
  54   1              /*计时处理*/
C51 COMPILER V9.01   KEY                                                                   04/15/2014 19:40:08 PAGE 2   

  55   1              if (keyInput.m_keyCount){--keyInput.m_keyCount;}
  56   1      }
  57          //松开按键
  58          void CKey_PullKey(void)
  59          {
  60   1              switch(CKey_GetState())
  61   1              {
  62   2                      /*按键进入释放状态*/
  63   2                      case KEY_STATE_PULL:            /*按键释放*/
  64   2                              keyInput.m_keyState = KEY_STATE_PULLED; /*进入按键已释放状态*/
  65   2                              break;
  66   2                      /*按键已释放状态*/
  67   2                      case KEY_STATE_PULLED:          /*按键已释放*/
  68   2                              break;
  69   2                      default:
  70   2                              keyInput.m_keyState = KEY_STATE_PULL;   /*进入按键释放状态*/
  71   2                              break;
  72   2              }
  73   1              /*计时处理*/
  74   1              if (keyInput.m_keyCount){--keyInput.m_keyCount;}
  75   1      }
  76          


MODULE INFORMATION:   STATIC OVERLAYABLE
   CODE SIZE        =    101    ----
   CONSTANT SIZE    =   ----    ----
   XDATA SIZE       =   ----    ----
   PDATA SIZE       =   ----    ----
   DATA SIZE        =      3    ----
   IDATA SIZE       =   ----    ----
   BIT SIZE         =   ----    ----
END OF MODULE INFORMATION.


C51 COMPILATION COMPLETE.  0 WARNING(S),  0 ERROR(S)
