C51 COMPILER V9.01   MAIN                                                                  04/15/2014 19:47:48 PAGE 1   


C51 COMPILER V9.01, COMPILATION OF MODULE MAIN
OBJECT MODULE PLACED IN main.OBJ
COMPILER INVOKED BY: E:\Program Files\Keil4\C51\BIN\C51.EXE main.c BROWSE INCDIR(.\src;.\src\os) DEBUG OBJECTEXTEND

line level    source

   1          
   2          #include <AT89X55.H>
   3          #include "sysos.h"
   4          #include "key.h"
   5          #include "menu.h"
   6          #include "seg7font.h"
   7          #include "SegDynamicScan.h"
   8          
   9          #define BIT0 (1<<0)
  10          #define BIT1 (1<<1)
  11          #define BIT2 (1<<2)
  12          #define BIT3 (1<<3)
  13          #define BIT4 (1<<4)
  14          #define BIT5 (1<<5)
  15          #define BIT6 (1<<6)
  16          #define BIT7 (1<<7)
  17          
  18          unsigned short config[10];
  19          unsigned char aKey;
  20          
  21          //菜单描述
  22          code const CMenuItem menuList[]=
  23          {
  24                  {{0xd4,0,0x06,0},MENU_VALUTYPE_U16,-9999,9999,&config[0],CValueMenu_Proc},
  25                  {{0xd4,0,0x5b,0},MENU_VALUTYPE_U16,0,100,&config[1],CValueMenu_Proc},
  26                  {{0xd4,0,0x4f,0},MENU_VALUTYPE_U16,0,100,&config[2],CValueMenu_Proc},
  27                  {{0xd4,0,0x66,0},MENU_VALUTYPE_U16,0,100,&config[3],CValueMenu_Proc},
  28                  {{0xd4,0,0x6d,0},MENU_VALUTYPE_U16,0,100,&config[4],CValueMenu_Proc},
  29                  {{0xd4,0,0x7d,0},MENU_VALUTYPE_U16,0,100,&config[5],CValueMenu_Proc},
  30                  {{0xd4,0,0x07,0},MENU_VALUTYPE_U16,0,100,&config[6],CValueMenu_Proc},
  31                  {{0xd4,0,0x7f,0},MENU_VALUTYPE_U16,0,100,&config[7],CValueMenu_Proc},
  32                  {{0xd4,0,0x6f,0},MENU_VALUTYPE_U16,0,100,&config[8],CValueMenu_Proc},
  33                  {0,0,0,0,0,0}
  34          };
  35          
  36          unsigned char keyTimer,cursorTimer;
  37          
  38          //1ms定时器常量
  39          #define TIME_TIME0_SYSTEM 0xff00
  40          
  41          void systemInit(void)
  42          {
  43   1              //初始化定时器0
  44   1              //定时器0作为步进电机运行定时器
  45   1              TMOD = BIT0|BIT4;               //定时器0、1都为模式1
  46   1              TR0 = 0;
  47   1              TH0 = (unsigned char)(TIME_TIME0_SYSTEM>>8);
  48   1              TL0 = (unsigned char)TIME_TIME0_SYSTEM;
  49   1              ET0 = 1;
  50   1              TR0 = 1;
  51   1      
  52   1              EA = 1;
  53   1      }
  54          void main(void)
  55          {
C51 COMPILER V9.01   MAIN                                                                  04/15/2014 19:47:48 PAGE 2   

  56   1      
  57   1              systemInit();
  58   1              CMenu_MenuInit(menuList);
  59   1              
  60   1              while (1)
  61   1              {
  62   2                      OS_BLOCK_BEGIN(taskMask.m_timermS)
  63   3                      {
  64   4                              //扫描显示
  65   4                              SegDynamicScan();
  66   4      
  67   4                              if (++keyTimer > 10)
  68   4                              {
  69   5                                      keyTimer = 0;
  70   5                                      OS_TASK_READY(taskMask.m_keyScan);
  71   5                              }
  72   4                              if (++cursorTimer>50)
  73   4                              {
  74   5                                      cursorTimer=0;
  75   5                                      OS_TASK_READY(taskMask.m_cursor);
  76   5                              }
  77   4                      }
  78   3                      OS_BLOCK_END();
  79   2                      //按键扫描
  80   2                      OS_BLOCK_BEGIN(taskMask.m_keyScan)
  81   3                      {
  82   4                              P2 = 0xff;
  83   4      
  84   4                              if (!P2_0) {aKey=WM_KEY_ADD;}
  85   4                              else if (!P2_1){aKey = WM_KEY_SET;}
  86   4                              else if (!P2_2){aKey = WM_KEY_SUB;}
  87   4                              else if (!P2_3){aKey = WM_KEY_LEFT;}
  88   4                              else if (!P2_4){aKey = WM_KEY_RIGHT;}
  89   4                              else {aKey = WM_KEY_NULL;}
  90   4      
  91   4                              CMenu_KeyEvent(aKey);
  92   4                      }
  93   3                      OS_BLOCK_END()
  94   2                      //光标
  95   2                      OS_BLOCK_BEGIN(taskMask.m_cursor)
  96   3                      {
  97   4                              CMenu_CursorEvent();
  98   4                      }
  99   3                      OS_BLOCK_END()
 100   2                      
 101   2              }
 102   1      }
 103          
 104          void interrupt_time0_handle(void) interrupt 1
 105          {
 106   1              TR0 = 0;
 107   1              TH0 = (unsigned char)(TIME_TIME0_SYSTEM>>8);
 108   1              TL0 = (unsigned char)TIME_TIME0_SYSTEM;
 109   1              TR0 = 1;
 110   1              OS_TASK_READY(taskMask.m_timermS);
 111   1      }
 112          //菜单开始
 113          void CMenu_Start(void)
 114          {
 115   1      }
 116          //菜单结束
 117          void CMenu_Quit(void)
C51 COMPILER V9.01   MAIN                                                                  04/15/2014 19:47:48 PAGE 3   

 118          {
 119   1              CMenu_MenuInit(menuDC.theMenu.m_pMenuList);
 120   1      }
 121          


MODULE INFORMATION:   STATIC OVERLAYABLE
   CODE SIZE        =    206    ----
   CONSTANT SIZE    =    150    ----
   XDATA SIZE       =   ----    ----
   PDATA SIZE       =   ----    ----
   DATA SIZE        =     23    ----
   IDATA SIZE       =   ----    ----
   BIT SIZE         =   ----    ----
END OF MODULE INFORMATION.


C51 COMPILATION COMPLETE.  0 WARNING(S),  0 ERROR(S)
